2023-03-27T14:14:56-04:00 SPG_RNAseq_pipeline: 1. Starting FASTQ filtering with fastp
Detecting adapter sequence for read1...
No adapter detected for read1

Detecting adapter sequence for read2...
No adapter detected for read2

Read1 before filtering:
total reads: 87771302
total bases: 4388565100
Q20 bases: 4340111583(98.8959%)
Q30 bases: 4245158913(96.7323%)

Read2 before filtering:
total reads: 87771302
total bases: 4388565100
Q20 bases: 4080818406(92.9875%)
Q30 bases: 3946523661(89.9274%)

Read1 after filtering:
total reads: 85796509
total bases: 4289364019
Q20 bases: 4250432864(99.0924%)
Q30 bases: 4162980958(97.0536%)

Read2 after filtering:
total reads: 85796509
total bases: 4289364019
Q20 bases: 4055888863(94.5569%)
Q30 bases: 3927593636(91.5659%)

Filtering result:
reads passed filter: 171593018
reads failed due to low quality: 3937780
reads failed due to too many N: 11806
reads failed due to too short: 0
reads with adapter trimmed: 97406
bases trimmed due to adapters: 927258

Duplication rate: 18.5746%

Insert size peak (evaluated by paired-end reads): 69

JSON report: /dev/null
HTML report: /lustre07/scratch/subrampg/binf_analyses_data/hnrnpl_project/fetalLiv/rna_seq/hnrnpl/data/filteredFastq//KO1.html

fastp --in1 /lustre07/scratch/subrampg/binf_analyses_data/hnrnpl_project/fetalLiv/rna_seq/hnrnpl/data/raw_fastq/SRR1295420_1.fastq.gz --in2 /lustre07/scratch/subrampg/binf_analyses_data/hnrnpl_project/fetalLiv/rna_seq/hnrnpl/data/raw_fastq/SRR1295420_2.fastq.gz --out1 /localscratch/subrampg.15044696.0/2964/KO1//KO1_R1.filteredFastq.gz --out2 /localscratch/subrampg.15044696.0/2964/KO1//KO1_R2.filteredFastq.gz --detect_adapter_for_pe --thread 8 --html /lustre07/scratch/subrampg/binf_analyses_data/hnrnpl_project/fetalLiv/rna_seq/hnrnpl/data/filteredFastq//KO1.html --json /dev/null 
fastp v0.23.1, time used: 221 seconds
2023-03-27T14:18:50-04:00 SPG_RNAseq_pipeline: 1. Done FASTQ filtering.
2023-03-27T14:18:50-04:00 SPG_RNAseq_pipeline: 2. Starting aligning with STAR
	STAR --runThreadN 8 --genomeDir /lustre07/scratch/subrampg/binf_analyses_data//common/star_indexes/mm10/sjdbOH_49/ --readFilesIn /localscratch/subrampg.15044696.0/2964/KO1//KO1_R1.filteredFastq.gz /localscratch/subrampg.15044696.0/2964/KO1//KO1_R2.filteredFastq.gz --readFilesCommand gunzip -c --outSAMtype BAM Unsorted --outFileNamePrefix /lustre07/scratch/subrampg/binf_analyses_data/hnrnpl_project/fetalLiv/rna_seq/hnrnpl/data/alignedBAM//KO1_
	STAR version: 2.7.9a   compiled: 2021-07-08T15:06:22+00:00 build-node.computecanada.ca:/tmp/ebuser/avx2/STAR/2.7.9a/GCCcore-9.3.0/STAR-2.7.9a/source
Mar 27 14:18:50 ..... started STAR run
Mar 27 14:18:50 ..... loading genome
Mar 27 14:19:30 ..... started mapping
Mar 27 14:27:38 ..... finished mapping
Mar 27 14:27:39 ..... finished successfully
2023-03-27T14:27:39-04:00 SPG_RNAseq_pipeline: 2. Done STAR alignment.
FILT_FASTQ_DIR = /lustre07/scratch/subrampg/binf_analyses_data/hnrnpl_project/fetalLiv/rna_seq/hnrnpl/data/filteredFastq/
ALIGNED_BAM_DIR = /lustre07/scratch/subrampg/binf_analyses_data/hnrnpl_project/fetalLiv/rna_seq/hnrnpl/data/alignedBAM/
2023-03-27T14:27:39-04:00 SPG_RNAseq_pipeline: Updating BAM progress file
WT1	Done
WT2	Done
WT3
KO1	Done
KO2
KO3
Waiting for WT3
