2023-03-27T14:14:56-04:00 SPG_RNAseq_pipeline: 1. Starting FASTQ filtering with fastp
Detecting adapter sequence for read1...
No adapter detected for read1

Detecting adapter sequence for read2...
No adapter detected for read2

Read1 before filtering:
total reads: 89528088
total bases: 4476404400
Q20 bases: 4401827106(98.334%)
Q30 bases: 4257061599(95.1%)

Read2 before filtering:
total reads: 89528088
total bases: 4476404400
Q20 bases: 4081773134(91.1842%)
Q30 bases: 3895288184(87.0182%)

Read1 after filtering:
total reads: 86727113
total bases: 4335871186
Q20 bases: 4276138005(98.6223%)
Q30 bases: 4143761345(95.5693%)

Read2 after filtering:
total reads: 86727113
total bases: 4335871186
Q20 bases: 4047604549(93.3516%)
Q30 bases: 3869946956(89.2542%)

Filtering result:
reads passed filter: 173454226
reads failed due to low quality: 5558842
reads failed due to too many N: 43108
reads failed due to too short: 0
reads with adapter trimmed: 101366
bases trimmed due to adapters: 974618

Duplication rate: 16.1768%

Insert size peak (evaluated by paired-end reads): 69

JSON report: /dev/null
HTML report: /lustre07/scratch/subrampg/binf_analyses_data/hnrnpl_project/fetalLiv/rna_seq/hnrnpl/data/filteredFastq//KO2.html

fastp --in1 /lustre07/scratch/subrampg/binf_analyses_data/hnrnpl_project/fetalLiv/rna_seq/hnrnpl/data/raw_fastq/SRR1295421_1.fastq.gz --in2 /lustre07/scratch/subrampg/binf_analyses_data/hnrnpl_project/fetalLiv/rna_seq/hnrnpl/data/raw_fastq/SRR1295421_2.fastq.gz --out1 /localscratch/subrampg.15044697.0/9078/KO2//KO2_R1.filteredFastq.gz --out2 /localscratch/subrampg.15044697.0/9078/KO2//KO2_R2.filteredFastq.gz --detect_adapter_for_pe --thread 8 --html /lustre07/scratch/subrampg/binf_analyses_data/hnrnpl_project/fetalLiv/rna_seq/hnrnpl/data/filteredFastq//KO2.html --json /dev/null 
fastp v0.23.1, time used: 226 seconds
2023-03-27T14:18:58-04:00 SPG_RNAseq_pipeline: 1. Done FASTQ filtering.
2023-03-27T14:18:58-04:00 SPG_RNAseq_pipeline: 2. Starting aligning with STAR
	STAR --runThreadN 8 --genomeDir /lustre07/scratch/subrampg/binf_analyses_data//common/star_indexes/mm10/sjdbOH_49/ --readFilesIn /localscratch/subrampg.15044697.0/9078/KO2//KO2_R1.filteredFastq.gz /localscratch/subrampg.15044697.0/9078/KO2//KO2_R2.filteredFastq.gz --readFilesCommand gunzip -c --outSAMtype BAM Unsorted --outFileNamePrefix /lustre07/scratch/subrampg/binf_analyses_data/hnrnpl_project/fetalLiv/rna_seq/hnrnpl/data/alignedBAM//KO2_
	STAR version: 2.7.9a   compiled: 2021-07-08T15:06:22+00:00 build-node.computecanada.ca:/tmp/ebuser/avx2/STAR/2.7.9a/GCCcore-9.3.0/STAR-2.7.9a/source
Mar 27 14:18:58 ..... started STAR run
Mar 27 14:18:58 ..... loading genome
Mar 27 14:19:30 ..... started mapping
Mar 27 14:27:55 ..... finished mapping
Mar 27 14:27:56 ..... finished successfully
2023-03-27T14:27:57-04:00 SPG_RNAseq_pipeline: 2. Done STAR alignment.
FILT_FASTQ_DIR = /lustre07/scratch/subrampg/binf_analyses_data/hnrnpl_project/fetalLiv/rna_seq/hnrnpl/data/filteredFastq/
ALIGNED_BAM_DIR = /lustre07/scratch/subrampg/binf_analyses_data/hnrnpl_project/fetalLiv/rna_seq/hnrnpl/data/alignedBAM/
2023-03-27T14:27:57-04:00 SPG_RNAseq_pipeline: Updating BAM progress file
WT1	Done
WT2	Done
WT3
KO1	Done
KO2	Done
KO3
Waiting for WT3
