created virtual environment CPython3.8.10.final.0-64 in 3483ms
  creator CPython3Posix(dest=/localscratch/subrampg.15033014.0/env, clear=False, global=False)
  seeder FromAppData(download=False, pip=latest, setuptools=latest, wheel=latest, via=copy, app_data_dir=/home/subrampg/.local/share/virtualenv/seed-app-data/v1.0.1)
  activators BashActivator,CShellActivator,FishActivator,PowerShellActivator,PythonActivator,XonshActivator
Ignoring pip: markers 'python_version < "3"' don't match your environment
Looking in links: /cvmfs/soft.computecanada.ca/custom/python/wheelhouse/gentoo/avx2, /cvmfs/soft.computecanada.ca/custom/python/wheelhouse/gentoo/generic, /cvmfs/soft.computecanada.ca/custom/python/wheelhouse/generic
Processing /cvmfs/soft.computecanada.ca/custom/python/wheelhouse/generic/pip-23.0+computecanada-py3-none-any.whl
Installing collected packages: pip
  Attempting uninstall: pip
    Found existing installation: pip 20.0.2
    Uninstalling pip-20.0.2:
      Successfully uninstalled pip-20.0.2
Successfully installed pip-23.0+computecanada
Looking in links: /cvmfs/soft.computecanada.ca/custom/python/wheelhouse/gentoo/avx2, /cvmfs/soft.computecanada.ca/custom/python/wheelhouse/gentoo/generic, /cvmfs/soft.computecanada.ca/custom/python/wheelhouse/generic
Processing /cvmfs/soft.computecanada.ca/custom/python/wheelhouse/generic/Cython-0.29.33+computecanada-cp38-cp38-linux_x86_64.whl
Installing collected packages: cython
Successfully installed cython-0.29.33+computecanada
Looking in links: /cvmfs/soft.computecanada.ca/custom/python/wheelhouse/gentoo/avx2, /cvmfs/soft.computecanada.ca/custom/python/wheelhouse/gentoo/generic, /cvmfs/soft.computecanada.ca/custom/python/wheelhouse/generic
Processing /cvmfs/soft.computecanada.ca/custom/python/wheelhouse/gentoo/generic/numpy-1.24.2+computecanada-cp38-cp38-linux_x86_64.whl
Installing collected packages: numpy
Successfully installed numpy-1.24.2+computecanada

The following have been reloaded with a version change:
  1) r/4.2.1 => r/4.2.2

2023-03-27T07:35:24-04:00 SPG_RNAseq_pipeline: 7. Starting rMATS..
gtf: 30.338038206100464
There are 62757 distinct gene ID in the gtf file
There are 252972 distinct transcript ID in the gtf file
There are 38714 one-transcript genes in the gtf file
There are 1649215 exons in the gtf file
There are 26177 one-exon transcripts in the gtf file
There are 23377 one-transcript genes with only one exon in the transcript
Average number of transcripts per gene is 4.030977
Average number of exons per transcript is 6.519358
Average number of exons per transcript excluding one-exon tx is 7.156410
Average number of gene per geneGroup is 8.662752
statistic: 0.031585693359375

read outcome totals across all BAMs
USED: 269927867
NOT_PAIRED: 134
NOT_NH_1: 80350162
NOT_EXPECTED_CIGAR: 833098
NOT_EXPECTED_READ_LENGTH: 0
NOT_EXPECTED_STRAND: 0
EXON_NOT_MATCHED_TO_ANNOTATION: 10321781
JUNCTION_NOT_MATCHED_TO_ANNOTATION: 342024
CLIPPED: 0
total: 361775066
outcomes by BAM written to: /lustre07/scratch/subrampg/binf_analyses_data/hnrnpl_project/lncap/rna_seq/hnrnpl/results/rMATS//tmp_rMATS_dir/2023-03-27-07_35_25_056969_read_outcomes_by_bam.txt

novel: 210.09728074073792
The splicing graph and candidate read have been saved into /lustre07/scratch/subrampg/binf_analyses_data/hnrnpl_project/lncap/rna_seq/hnrnpl/results/rMATS//tmp_rMATS_dir/2023-03-27-07_35_25_056969_*.rmats
save: 40.927286863327026
loadsg: 0.4255514144897461

==========
Done processing each gene from dictionary to compile AS events
Found 102330 exon skipping events
Found 12714 exon MX events
Found 64288 alt SS events
There are 35773 alt 3 SS events and 28515 alt 5 SS events.
Found 18001 RI events
==========

ase: 8.223749160766602
count: 37.281147718429565
Processing count files.
Done processing count files.
2023-03-27T07:42:44-04:00 SPG_RNAseq_pipeline: 8. Getting Sirt1 rMATS events if any..
RMATS_DIR = /lustre07/scratch/subrampg/binf_analyses_data/hnrnpl_project/lncap/rna_seq/hnrnpl/results/rMATS/
