2023-03-26T23:29:18-04:00 SPG_RNAseq_pipeline: 1. Starting FASTQ filtering with fastp
Detecting adapter sequence for read1...
No adapter detected for read1

Detecting adapter sequence for read2...
No adapter detected for read2

Read1 before filtering:
total reads: 54748878
total bases: 4160914728
Q20 bases: 4017107880(96.5439%)
Q30 bases: 3954511934(95.0395%)

Read2 before filtering:
total reads: 54748878
total bases: 4160914728
Q20 bases: 3904920841(93.8477%)
Q30 bases: 3839365912(92.2722%)

Read1 after filtering:
total reads: 52597626
total bases: 3993140913
Q20 bases: 3876820259(97.087%)
Q30 bases: 3820867206(95.6858%)

Read2 after filtering:
total reads: 52597626
total bases: 3993140913
Q20 bases: 3831433136(95.9504%)
Q30 bases: 3777144942(94.5908%)

Filtering result:
reads passed filter: 105195252
reads failed due to low quality: 4277488
reads failed due to too many N: 25016
reads failed due to too short: 0
reads with adapter trimmed: 895802
bases trimmed due to adapters: 8673176

Duplication rate: 28.7311%

Insert size peak (evaluated by paired-end reads): 118

JSON report: /dev/null
HTML report: /lustre07/scratch/subrampg/binf_analyses_data/hnrnpl_project/HEK293T/rna_seq/hnrnpl/data/filteredFastq//hnRNPLi2.html

fastp --in1 /lustre07/scratch/subrampg/binf_analyses_data/hnrnpl_project/HEK293T/rna_seq/hnrnpl/data/raw_fastq/SRR11858516_1.fastq.gz --in2 /lustre07/scratch/subrampg/binf_analyses_data/hnrnpl_project/HEK293T/rna_seq/hnrnpl/data/raw_fastq/SRR11858516_2.fastq.gz --out1 /localscratch/subrampg.15021447.0/28236/hnRNPLi2//hnRNPLi2_R1.filteredFastq.gz --out2 /localscratch/subrampg.15021447.0/28236/hnRNPLi2//hnRNPLi2_R2.filteredFastq.gz --detect_adapter_for_pe --thread 8 --html /lustre07/scratch/subrampg/binf_analyses_data/hnrnpl_project/HEK293T/rna_seq/hnrnpl/data/filteredFastq//hnRNPLi2.html --json /dev/null 
fastp v0.23.1, time used: 158 seconds
2023-03-26T23:32:06-04:00 SPG_RNAseq_pipeline: 1. Done FASTQ filtering.
2023-03-26T23:32:06-04:00 SPG_RNAseq_pipeline: 2. Starting aligning with STAR
	STAR --runThreadN 8 --genomeDir /lustre07/scratch/subrampg/binf_analyses_data//common/star_indexes/hg38/sjdbOH_75/ --readFilesIn /localscratch/subrampg.15021447.0/28236/hnRNPLi2//hnRNPLi2_R1.filteredFastq.gz /localscratch/subrampg.15021447.0/28236/hnRNPLi2//hnRNPLi2_R2.filteredFastq.gz --readFilesCommand gunzip -c --outSAMtype BAM Unsorted --outFileNamePrefix /lustre07/scratch/subrampg/binf_analyses_data/hnrnpl_project/HEK293T/rna_seq/hnrnpl/data/alignedBAM//hnRNPLi2_
	STAR version: 2.7.9a   compiled: 2021-07-08T15:06:22+00:00 build-node.computecanada.ca:/tmp/ebuser/avx2/STAR/2.7.9a/GCCcore-9.3.0/STAR-2.7.9a/source
Mar 26 23:32:06 ..... started STAR run
Mar 26 23:32:07 ..... loading genome
Mar 26 23:33:13 ..... started mapping
Mar 26 23:42:08 ..... finished mapping
Mar 26 23:42:12 ..... finished successfully
2023-03-26T23:42:13-04:00 SPG_RNAseq_pipeline: 2. Done STAR alignment.
FILT_FASTQ_DIR = /lustre07/scratch/subrampg/binf_analyses_data/hnrnpl_project/HEK293T/rna_seq/hnrnpl/data/filteredFastq/
ALIGNED_BAM_DIR = /lustre07/scratch/subrampg/binf_analyses_data/hnrnpl_project/HEK293T/rna_seq/hnrnpl/data/alignedBAM/
2023-03-26T23:42:13-04:00 SPG_RNAseq_pipeline: Updating BAM progress file
CTLi1	Done
CTLi2
hnRNPLi1	Done
hnRNPLi2	Done
Waiting for CTLi2
