created virtual environment CPython3.8.10.final.0-64 in 334ms
  creator CPython3Posix(dest=/localscratch/subrampg.15041314.0/env, clear=False, global=False)
  seeder FromAppData(download=False, pip=latest, setuptools=latest, wheel=latest, via=copy, app_data_dir=/home/subrampg/.local/share/virtualenv/seed-app-data/v1.0.1)
  activators BashActivator,CShellActivator,FishActivator,PowerShellActivator,PythonActivator,XonshActivator
Ignoring pip: markers 'python_version < "3"' don't match your environment
Looking in links: /cvmfs/soft.computecanada.ca/custom/python/wheelhouse/gentoo/avx2, /cvmfs/soft.computecanada.ca/custom/python/wheelhouse/gentoo/generic, /cvmfs/soft.computecanada.ca/custom/python/wheelhouse/generic
Processing /cvmfs/soft.computecanada.ca/custom/python/wheelhouse/generic/pip-23.0+computecanada-py3-none-any.whl
Installing collected packages: pip
  Attempting uninstall: pip
    Found existing installation: pip 20.0.2
    Uninstalling pip-20.0.2:
      Successfully uninstalled pip-20.0.2
Successfully installed pip-23.0+computecanada
Looking in links: /cvmfs/soft.computecanada.ca/custom/python/wheelhouse/gentoo/avx2, /cvmfs/soft.computecanada.ca/custom/python/wheelhouse/gentoo/generic, /cvmfs/soft.computecanada.ca/custom/python/wheelhouse/generic
Processing /cvmfs/soft.computecanada.ca/custom/python/wheelhouse/generic/Cython-0.29.33+computecanada-cp38-cp38-linux_x86_64.whl
Installing collected packages: cython
Successfully installed cython-0.29.33+computecanada
Looking in links: /cvmfs/soft.computecanada.ca/custom/python/wheelhouse/gentoo/avx2, /cvmfs/soft.computecanada.ca/custom/python/wheelhouse/gentoo/generic, /cvmfs/soft.computecanada.ca/custom/python/wheelhouse/generic
Processing /cvmfs/soft.computecanada.ca/custom/python/wheelhouse/gentoo/generic/numpy-1.24.2+computecanada-cp38-cp38-linux_x86_64.whl
Installing collected packages: numpy
Successfully installed numpy-1.24.2+computecanada

The following have been reloaded with a version change:
  1) r/4.2.1 => r/4.2.2

2023-03-27T12:03:17-04:00 SPG_RNAseq_pipeline: 7. Starting rMATS..
gtf: 29.55993151664734
There are 62757 distinct gene ID in the gtf file
There are 252972 distinct transcript ID in the gtf file
There are 38714 one-transcript genes in the gtf file
There are 1649215 exons in the gtf file
There are 26177 one-exon transcripts in the gtf file
There are 23377 one-transcript genes with only one exon in the transcript
Average number of transcripts per gene is 4.030977
Average number of exons per transcript is 6.519358
Average number of exons per transcript excluding one-exon tx is 7.156410
Average number of gene per geneGroup is 8.662752
statistic: 0.028699398040771484

read outcome totals across all BAMs
USED: 227837347
NOT_PAIRED: 2
NOT_NH_1: 32953732
NOT_EXPECTED_CIGAR: 1742372
NOT_EXPECTED_READ_LENGTH: 0
NOT_EXPECTED_STRAND: 0
EXON_NOT_MATCHED_TO_ANNOTATION: 5757536
JUNCTION_NOT_MATCHED_TO_ANNOTATION: 427285
CLIPPED: 0
total: 268718274
outcomes by BAM written to: /lustre07/scratch/subrampg/binf_analyses_data/hnrnpl_project/hepg2/rna_seq/hnrnpl/results/rMATS//tmp_rMATS_dir/2023-03-27-12_03_17_140284_read_outcomes_by_bam.txt

novel: 353.4323272705078
The splicing graph and candidate read have been saved into /lustre07/scratch/subrampg/binf_analyses_data/hnrnpl_project/hepg2/rna_seq/hnrnpl/results/rMATS//tmp_rMATS_dir/2023-03-27-12_03_17_140284_*.rmats
save: 109.14993691444397
loadsg: 0.42083191871643066

==========
Done processing each gene from dictionary to compile AS events
Found 122765 exon skipping events
Found 19378 exon MX events
Found 83942 alt SS events
There are 50574 alt 3 SS events and 33368 alt 5 SS events.
Found 22602 RI events
==========

ase: 8.288736820220947
count: 48.77119207382202
Processing count files.
Done processing count files.
2023-03-27T12:14:30-04:00 SPG_RNAseq_pipeline: 8. Getting Sirt1 rMATS events if any..
created virtual environment CPython3.8.10.final.0-64 in 448ms
  creator CPython3Posix(dest=/localscratch/subrampg.15041314.0/env, clear=False, global=False)
  seeder FromAppData(download=False, pip=latest, setuptools=latest, wheel=latest, via=copy, app_data_dir=/home/subrampg/.local/share/virtualenv/seed-app-data/v1.0.1)
  activators BashActivator,CShellActivator,FishActivator,PowerShellActivator,PythonActivator,XonshActivator
Ignoring pip: markers 'python_version < "3"' don't match your environment
Looking in links: /cvmfs/soft.computecanada.ca/custom/python/wheelhouse/gentoo/avx2, /cvmfs/soft.computecanada.ca/custom/python/wheelhouse/gentoo/generic, /cvmfs/soft.computecanada.ca/custom/python/wheelhouse/generic
Processing /cvmfs/soft.computecanada.ca/custom/python/wheelhouse/generic/pip-23.0+computecanada-py3-none-any.whl
Installing collected packages: pip
  Attempting uninstall: pip
    Found existing installation: pip 20.0.2
    Uninstalling pip-20.0.2:
      Successfully uninstalled pip-20.0.2
Successfully installed pip-23.0+computecanada
Looking in links: /cvmfs/soft.computecanada.ca/custom/python/wheelhouse/gentoo/avx2, /cvmfs/soft.computecanada.ca/custom/python/wheelhouse/gentoo/generic, /cvmfs/soft.computecanada.ca/custom/python/wheelhouse/generic
Processing /cvmfs/soft.computecanada.ca/custom/python/wheelhouse/gentoo/generic/contourpy-1.0.7+computecanada-cp38-cp38-linux_x86_64.whl
Processing /cvmfs/soft.computecanada.ca/custom/python/wheelhouse/generic/cycler-0.11.0+computecanada-py3-none-any.whl
Processing /cvmfs/soft.computecanada.ca/custom/python/wheelhouse/generic/fonttools-4.39.0+computecanada-cp38-cp38-linux_x86_64.whl
Processing /cvmfs/soft.computecanada.ca/custom/python/wheelhouse/generic/importlib_resources-5.12.0+computecanada-py3-none-any.whl
Processing /cvmfs/soft.computecanada.ca/custom/python/wheelhouse/gentoo/avx2/kiwisolver-1.4.4+computecanada-cp38-cp38-linux_x86_64.whl
Processing /cvmfs/soft.computecanada.ca/custom/python/wheelhouse/gentoo/avx2/matplotlib-3.7.0+computecanada-cp38-cp38-linux_x86_64.whl
Processing /cvmfs/soft.computecanada.ca/custom/python/wheelhouse/gentoo/generic/numpy-1.24.2+computecanada-cp38-cp38-linux_x86_64.whl
Processing /cvmfs/soft.computecanada.ca/custom/python/wheelhouse/generic/packaging-23.0+computecanada-py3-none-any.whl
Processing /cvmfs/soft.computecanada.ca/custom/python/wheelhouse/gentoo/avx2/Pillow-9.4.0+computecanada-cp38-cp38-linux_x86_64.whl
Processing /cvmfs/soft.computecanada.ca/custom/python/wheelhouse/generic/pyparsing-3.0.9+computecanada-py3-none-any.whl
Processing /cvmfs/soft.computecanada.ca/custom/python/wheelhouse/gentoo/avx2/pysam-0.20.0+computecanada-cp38-cp38-linux_x86_64.whl
Processing /cvmfs/soft.computecanada.ca/custom/python/wheelhouse/generic/python_dateutil-2.8.2+computecanada-py2.py3-none-any.whl
Processing /cvmfs/soft.computecanada.ca/custom/python/wheelhouse/gentoo/generic/scipy-1.10.1+computecanada-cp38-cp38-linux_x86_64.whl
Processing /cvmfs/soft.computecanada.ca/custom/python/wheelhouse/generic/six-1.16.0+computecanada-py2.py3-none-any.whl
Processing /cvmfs/soft.computecanada.ca/custom/python/wheelhouse/generic/zipp-3.15.0+computecanada-py3-none-any.whl
Installing collected packages: pysam, zipp, six, pyparsing, Pillow, packaging, numpy, kiwisolver, fonttools, cycler, scipy, python-dateutil, importlib_resources, contourpy, matplotlib
Successfully installed Pillow-9.4.0+computecanada contourpy-1.0.7+computecanada cycler-0.11.0+computecanada fonttools-4.39.0+computecanada importlib_resources-5.12.0+computecanada kiwisolver-1.4.4+computecanada matplotlib-3.7.0+computecanada numpy-1.24.2+computecanada packaging-23.0+computecanada pyparsing-3.0.9+computecanada pysam-0.20.0+computecanada python-dateutil-2.8.2+computecanada scipy-1.10.1+computecanada six-1.16.0+computecanada zipp-3.15.0+computecanada
<module 'misopy' from '/home/subrampg/local_installs/rmats2sashimiplot/src/MISO/misopy/__init__.py'>
Indexing GFF...
  - GFF: /lustre07/scratch/subrampg/binf_analyses_data/hnrnpl_project/hepg2/rna_seq/hnrnpl/results/rMATS/rMATS2sashimiPlot_outputs/Sashimi_index_SIRT1_1/tmp.gff3
  - Outputting to: /lustre07/scratch/subrampg/binf_analyses_data/hnrnpl_project/hepg2/rna_seq/hnrnpl/results/rMATS/rMATS2sashimiPlot_outputs/Sashimi_index_SIRT1_1
Through 0 genes...
Loaded 1 genes
  - Loading of genes from GFF took 0.00 seconds
Making directory: /lustre07/scratch/subrampg/binf_analyses_data/hnrnpl_project/hepg2/rna_seq/hnrnpl/results/rMATS/rMATS2sashimiPlot_outputs/Sashimi_index_SIRT1_1/chr10
  - Chromosome serialization took 0.00 seconds
Outputting gene records in GFF format...
  - Output file: /lustre07/scratch/subrampg/binf_analyses_data/hnrnpl_project/hepg2/rna_seq/hnrnpl/results/rMATS/rMATS2sashimiPlot_outputs/Sashimi_index_SIRT1_1/genes.gff
  - Serialization of genes from GFF took 1.05 seconds
Indexing of GFF took 1.06 seconds.
/home/subrampg/local_installs/rmats2sashimiplot/src/MISO/misopy/sashimi_plot/plot_utils/plot_gene.py:454: UserWarning: FixedFormatter should only be used together with FixedLocator
  curr_ax.set_yticklabels(curr_yticklabels,
Reading settings from: /lustre07/scratch/subrampg/binf_analyses_data/hnrnpl_project/hepg2/rna_seq/hnrnpl/results/rMATS/rMATS2sashimiPlot_outputs/Sashimi_index_SIRT1_1/sashimi_plot_settings.txt
Parsing data:bam_prefix
Parsing data:miso_prefix
Parsing data:bam_files
Parsing data:miso_files
Parsing plotting:fig_height
Parsing plotting:fig_width
Parsing plotting:exon_scale
Parsing plotting:intron_scale
Parsing plotting:logged
Parsing plotting:font_size
Parsing plotting:bar_posteriors
Parsing plotting:nyticks
Parsing plotting:nxticks
Parsing plotting:show_ylabel
Parsing plotting:show_xlabel
Parsing plotting:plot_title
Parsing plotting:plot_label
Parsing plotting:show_posteriors
Parsing plotting:number_junctions
Parsing plotting:resolution
Parsing plotting:reverse_minus
Parsing plotting:min_counts
Parsing plotting:text_background
Parsing plotting:group_info
Parsing plotting:colors
Parsing plotting:sample_labels
Reading dimensions from settings...
 - Height: 4.00
 - Width: 1.50
Plotting read densities and MISO estimates along event...
  - Event: chr10_67891484_67891554_+@chr10_67906163_67906287_+@chr10_67906790_67906937_+
Setting up plot using dimensions:  [1.5, 4.0]
Using intron scale  15.0
Using exon scale  1.0
Reading sample label: SIRT1 shCTL IncLevel: 0.01
Skipping read with CIGAR 61M4D39M
Skipping read with CIGAR 53M2D47M
Reading sample label: SIRT1 shhnRNPL IncLevel: 0.15
Skipping read with CIGAR 39M2I59M
Skipping read with CIGAR 65M3D35M
Saving plot to: /lustre07/scratch/subrampg/binf_analyses_data/hnrnpl_project/hepg2/rna_seq/hnrnpl/results/rMATS/rMATS2sashimiPlot_outputs/Sashimi_plot/chr10_67891484_67891554_+@chr10_67906163_67906287_+@chr10_67906790_67906937_+.pdf
<module 'misopy' from '/home/subrampg/local_installs/rmats2sashimiplot/src/MISO/misopy/__init__.py'>
Indexing GFF...
  - GFF: /lustre07/scratch/subrampg/binf_analyses_data/hnrnpl_project/hepg2/rna_seq/hnrnpl/results/rMATS/rMATS2sashimiPlot_outputs/Sashimi_index_SIRT1_2/tmp.gff3
  - Outputting to: /lustre07/scratch/subrampg/binf_analyses_data/hnrnpl_project/hepg2/rna_seq/hnrnpl/results/rMATS/rMATS2sashimiPlot_outputs/Sashimi_index_SIRT1_2
Through 0 genes...
Loaded 1 genes
  - Loading of genes from GFF took 0.00 seconds
Making directory: /lustre07/scratch/subrampg/binf_analyses_data/hnrnpl_project/hepg2/rna_seq/hnrnpl/results/rMATS/rMATS2sashimiPlot_outputs/Sashimi_index_SIRT1_2/chr10
  - Chromosome serialization took 0.02 seconds
Outputting gene records in GFF format...
  - Output file: /lustre07/scratch/subrampg/binf_analyses_data/hnrnpl_project/hepg2/rna_seq/hnrnpl/results/rMATS/rMATS2sashimiPlot_outputs/Sashimi_index_SIRT1_2/genes.gff
  - Serialization of genes from GFF took 7.51 seconds
Indexing of GFF took 7.51 seconds.
/home/subrampg/local_installs/rmats2sashimiplot/src/MISO/misopy/sashimi_plot/plot_utils/plot_gene.py:454: UserWarning: FixedFormatter should only be used together with FixedLocator
  curr_ax.set_yticklabels(curr_yticklabels,
Reading settings from: /lustre07/scratch/subrampg/binf_analyses_data/hnrnpl_project/hepg2/rna_seq/hnrnpl/results/rMATS/rMATS2sashimiPlot_outputs/Sashimi_index_SIRT1_2/sashimi_plot_settings.txt
Parsing data:bam_prefix
Parsing data:miso_prefix
Parsing data:bam_files
Parsing data:miso_files
Parsing plotting:fig_height
Parsing plotting:fig_width
Parsing plotting:exon_scale
Parsing plotting:intron_scale
Parsing plotting:logged
Parsing plotting:font_size
Parsing plotting:bar_posteriors
Parsing plotting:nyticks
Parsing plotting:nxticks
Parsing plotting:show_ylabel
Parsing plotting:show_xlabel
Parsing plotting:plot_title
Parsing plotting:plot_label
Parsing plotting:show_posteriors
Parsing plotting:number_junctions
Parsing plotting:resolution
Parsing plotting:reverse_minus
Parsing plotting:min_counts
Parsing plotting:text_background
Parsing plotting:group_info
Parsing plotting:colors
Parsing plotting:sample_labels
Reading dimensions from settings...
 - Height: 4.00
 - Width: 1.50
Plotting read densities and MISO estimates along event...
  - Event: chr10_67891484_67891554_+@chr10_67906166_67906287_+@chr10_67906790_67906937_+
Setting up plot using dimensions:  [1.5, 4.0]
Using intron scale  15.0
Using exon scale  1.0
Reading sample label: SIRT1 shCTL IncLevel: 0.00
Skipping read with CIGAR 61M4D39M
Skipping read with CIGAR 53M2D47M
Reading sample label: SIRT1 shhnRNPL IncLevel: 0.08
Skipping read with CIGAR 39M2I59M
Skipping read with CIGAR 65M3D35M
Saving plot to: /lustre07/scratch/subrampg/binf_analyses_data/hnrnpl_project/hepg2/rna_seq/hnrnpl/results/rMATS/rMATS2sashimiPlot_outputs/Sashimi_plot/chr10_67891484_67891554_+@chr10_67906166_67906287_+@chr10_67906790_67906937_+.pdf
'/lustre07/scratch/subrampg/binf_analyses_data/hnrnpl_project/hepg2/rna_seq/hnrnpl/data/alignedBAM/shCTL1_2pass_Aligned.sortedByCoord.out.bam' is indexed already: '/lustre07/scratch/subrampg/binf_analyses_data/hnrnpl_project/hepg2/rna_seq/hnrnpl/data/alignedBAM/shCTL1_2pass_Aligned.sortedByCoord.out.bam.bai'
'/lustre07/scratch/subrampg/binf_analyses_data/hnrnpl_project/hepg2/rna_seq/hnrnpl/data/alignedBAM/shhnRNPL1_2pass_Aligned.sortedByCoord.out.bam' is indexed already: '/lustre07/scratch/subrampg/binf_analyses_data/hnrnpl_project/hepg2/rna_seq/hnrnpl/data/alignedBAM/shhnRNPL1_2pass_Aligned.sortedByCoord.out.bam.bai'
/localscratch/subrampg.15041314.0/env/bin/python /home/subrampg/local_installs/rmats2sashimiplot/src/MISO/misopy/sashimi_plot/sashimi_plot.py --plot-event "chr10_67891484_67891554_+@chr10_67906163_67906287_+@chr10_67906790_67906937_+" /lustre07/scratch/subrampg/binf_analyses_data/hnrnpl_project/hepg2/rna_seq/hnrnpl/results/rMATS/rMATS2sashimiPlot_outputs/Sashimi_index_SIRT1_1 /lustre07/scratch/subrampg/binf_analyses_data/hnrnpl_project/hepg2/rna_seq/hnrnpl/results/rMATS/rMATS2sashimiPlot_outputs/Sashimi_index_SIRT1_1/sashimi_plot_settings.txt --output-dir /lustre07/scratch/subrampg/binf_analyses_data/hnrnpl_project/hepg2/rna_seq/hnrnpl/results/rMATS/rMATS2sashimiPlot_outputs/Sashimi_plot
/localscratch/subrampg.15041314.0/env/bin/python /home/subrampg/local_installs/rmats2sashimiplot/src/MISO/misopy/sashimi_plot/sashimi_plot.py --plot-event "chr10_67891484_67891554_+@chr10_67906166_67906287_+@chr10_67906790_67906937_+" /lustre07/scratch/subrampg/binf_analyses_data/hnrnpl_project/hepg2/rna_seq/hnrnpl/results/rMATS/rMATS2sashimiPlot_outputs/Sashimi_index_SIRT1_2 /lustre07/scratch/subrampg/binf_analyses_data/hnrnpl_project/hepg2/rna_seq/hnrnpl/results/rMATS/rMATS2sashimiPlot_outputs/Sashimi_index_SIRT1_2/sashimi_plot_settings.txt --output-dir /lustre07/scratch/subrampg/binf_analyses_data/hnrnpl_project/hepg2/rna_seq/hnrnpl/results/rMATS/rMATS2sashimiPlot_outputs/Sashimi_plot
<module 'misopy' from '/home/subrampg/local_installs/rmats2sashimiplot/src/MISO/misopy/__init__.py'>
Indexing GFF...
  - GFF: /lustre07/scratch/subrampg/binf_analyses_data/hnrnpl_project/hepg2/rna_seq/hnrnpl/results/rMATS/rMATS2sashimiPlot_outputs/Sashimi_index/tmp.gff3
  - Outputting to: /lustre07/scratch/subrampg/binf_analyses_data/hnrnpl_project/hepg2/rna_seq/hnrnpl/results/rMATS/rMATS2sashimiPlot_outputs/Sashimi_index
Through 0 genes...
Loaded 1 genes
  - Loading of genes from GFF took 0.00 seconds
Making directory: /lustre07/scratch/subrampg/binf_analyses_data/hnrnpl_project/hepg2/rna_seq/hnrnpl/results/rMATS/rMATS2sashimiPlot_outputs/Sashimi_index/chr10
  - Chromosome serialization took 0.01 seconds
Outputting gene records in GFF format...
  - Output file: /lustre07/scratch/subrampg/binf_analyses_data/hnrnpl_project/hepg2/rna_seq/hnrnpl/results/rMATS/rMATS2sashimiPlot_outputs/Sashimi_index/genes.gff
  - Serialization of genes from GFF took 1.23 seconds
Indexing of GFF took 1.24 seconds.
/home/subrampg/local_installs/rmats2sashimiplot/src/MISO/misopy/sashimi_plot/plot_utils/plot_gene.py:454: UserWarning: FixedFormatter should only be used together with FixedLocator
  curr_ax.set_yticklabels(curr_yticklabels,
Reading settings from: /lustre07/scratch/subrampg/binf_analyses_data/hnrnpl_project/hepg2/rna_seq/hnrnpl/results/rMATS/rMATS2sashimiPlot_outputs/Sashimi_index/sashimi_plot_settings.txt
Parsing data:bam_prefix
Parsing data:miso_prefix
Parsing data:bam_files
Parsing data:miso_files
Parsing plotting:fig_height
Parsing plotting:fig_width
Parsing plotting:exon_scale
Parsing plotting:intron_scale
Parsing plotting:logged
Parsing plotting:font_size
Parsing plotting:bar_posteriors
Parsing plotting:nyticks
Parsing plotting:nxticks
Parsing plotting:show_ylabel
Parsing plotting:show_xlabel
Parsing plotting:plot_title
Parsing plotting:plot_label
Parsing plotting:show_posteriors
Parsing plotting:number_junctions
Parsing plotting:resolution
Parsing plotting:reverse_minus
Parsing plotting:min_counts
Parsing plotting:text_background
Parsing plotting:group_info
Parsing plotting:colors
Parsing plotting:sample_labels
Reading dimensions from settings...
 - Height: 4.00
 - Width: 3.50
Plotting read densities and MISO estimates along event...
  - Event: chr10_67884650_67918001_+
Setting up plot using dimensions:  [3.5, 4.0]
Using intron scale  15.0
Using exon scale  1.0
Reading sample label: shCTL
Skipping read with CIGAR 40M1D60M
Skipping read with CIGAR 28M1I23M2278N48M
Skipping read with CIGAR 61M4D39M
Skipping read with CIGAR 35M3D65M
Skipping read with CIGAR 22M3D78M
Skipping read with CIGAR 34M1D66M
Skipping read with CIGAR 77M2D23M
Skipping read with CIGAR 24M1I50M4D25M
Skipping read with CIGAR 24M1I50M4D25M
Skipping read with CIGAR 22M2I50M4D26M
Skipping read with CIGAR 22M2I50M4D26M
Skipping read with CIGAR 67M4D33M
Skipping read with CIGAR 35M4D65M
Skipping read with CIGAR 33M4D65M2S
Skipping read with CIGAR 32M4D68M
Skipping read with CIGAR 31M4D69M
Skipping read with CIGAR 31M4D69M
Skipping read with CIGAR 29M4D71M
Skipping read with CIGAR 29M4D71M
Skipping read with CIGAR 11M4D89M
Skipping read with CIGAR 74M1I25M
Skipping read with CIGAR 79M1D21M
Skipping read with CIGAR 82M3D18M
Skipping read with CIGAR 48M1D52M
Skipping read with CIGAR 72M1I23M
Skipping read with CIGAR 72M1I23M
Skipping read with CIGAR 35M1D29M2278N36M
Skipping read with CIGAR 34M1D29M2278N37M
Skipping read with CIGAR 10M1D29M2278N61M
Skipping read with CIGAR 53M2D47M
Skipping read with CIGAR 63M2D37M
Skipping read with CIGAR 79M2D21M
Skipping read with CIGAR 61M1I38M
Skipping read with CIGAR 2S39M1I58M
Skipping read with CIGAR 52M1I46M1S
Skipping read with CIGAR 56M1I43M
Skipping read with CIGAR 55M1I44M
Skipping read with CIGAR 34M1I61M4S
Skipping read with CIGAR 34M2I59M5S
Skipping read with CIGAR 37M1I54M8S
Skipping read with CIGAR 1S62M4D37M
Skipping read with CIGAR 53M4D47M
Skipping read with CIGAR 52M4D48M
Skipping read with CIGAR 48M4D52M
Skipping read with CIGAR 34M4D66M
Skipping read with CIGAR 32M4D68M
Skipping read with CIGAR 32M4D68M
Skipping read with CIGAR 31M4D69M
Skipping read with CIGAR 31M4D69M
Skipping read with CIGAR 30M4D69M1S
Skipping read with CIGAR 28M4D72M
Skipping read with CIGAR 28M4D72M
Skipping read with CIGAR 15M4D85M
Skipping read with CIGAR 15M4D85M
Skipping read with CIGAR 28M3I69M
Skipping read with CIGAR 55M1D45M
Skipping read with CIGAR 53M1D47M
Skipping read with CIGAR 49M1D51M
Skipping read with CIGAR 35M1D65M
Reading sample label: shhnRNPL
Skipping read with CIGAR 40M1I54M5S
Skipping read with CIGAR 67M4D33M
Skipping read with CIGAR 9S62M4D29M
Skipping read with CIGAR 53M4D47M
Skipping read with CIGAR 39M2I59M
Skipping read with CIGAR 65M3D35M
Skipping read with CIGAR 80M1I19M
Skipping read with CIGAR 1S62M4D37M
Skipping read with CIGAR 5S62M4D33M
Skipping read with CIGAR 31M4D69M
Skipping read with CIGAR 31M4D69M
Skipping read with CIGAR 27M4D73M
Skipping read with CIGAR 27M4D73M
Saving plot to: /lustre07/scratch/subrampg/binf_analyses_data/hnrnpl_project/hepg2/rna_seq/hnrnpl/results/rMATS/rMATS2sashimiPlot_outputs/Sashimi_plot/chr10_67884650_67918001_+.pdf
'/lustre07/scratch/subrampg/binf_analyses_data/hnrnpl_project/hepg2/rna_seq/hnrnpl/data/alignedBAM/shCTL1_2pass_Aligned.sortedByCoord.out.bam' is indexed already: '/lustre07/scratch/subrampg/binf_analyses_data/hnrnpl_project/hepg2/rna_seq/hnrnpl/data/alignedBAM/shCTL1_2pass_Aligned.sortedByCoord.out.bam.bai'
'/lustre07/scratch/subrampg/binf_analyses_data/hnrnpl_project/hepg2/rna_seq/hnrnpl/data/alignedBAM/shhnRNPL1_2pass_Aligned.sortedByCoord.out.bam' is indexed already: '/lustre07/scratch/subrampg/binf_analyses_data/hnrnpl_project/hepg2/rna_seq/hnrnpl/data/alignedBAM/shhnRNPL1_2pass_Aligned.sortedByCoord.out.bam.bai'
RMATS_DIR = /lustre07/scratch/subrampg/binf_analyses_data/hnrnpl_project/hepg2/rna_seq/hnrnpl/results/rMATS/
