2023-03-28T22:13:05-04:00 SPG_RNAseq_pipeline: 1. Starting FASTQ filtering with fastp
Detecting adapter sequence for read1...
No adapter detected for read1

Detecting adapter sequence for read2...
No adapter detected for read2

Read1 before filtering:
total reads: 31071979
total bases: 1553598950
Q20 bases: 1540987314(99.1882%)
Q30 bases: 1475148039(94.9504%)

Read2 before filtering:
total reads: 31071979
total bases: 1553598950
Q20 bases: 1519582994(97.8105%)
Q30 bases: 1401999499(90.242%)

Read1 after filtering:
total reads: 30904642
total bases: 1520971005
Q20 bases: 1508946367(99.2094%)
Q30 bases: 1444503815(94.9725%)

Read2 after filtering:
total reads: 30904642
total bases: 1520971005
Q20 bases: 1489470113(97.9289%)
Q30 bases: 1373857788(90.3277%)

Filtering result:
reads passed filter: 61809284
reads failed due to low quality: 89570
reads failed due to too many N: 245104
reads failed due to too short: 0
reads with adapter trimmed: 8536448
bases trimmed due to adapters: 48538888

Duplication rate: 20.0536%

Insert size peak (evaluated by paired-end reads): 44

JSON report: /dev/null
HTML report: /lustre07/scratch/subrampg/binf_analyses_data/hnrnpl_project/bjFibro/rna_seq/hnrnpl/data/filteredFastq//CTLi1.html

fastp --in1 /lustre07/scratch/subrampg/binf_analyses_data/hnrnpl_project/bjFibro/rna_seq/hnrnpl/data/raw_fastq/SRR12188093_1.fastq.gz --in2 /lustre07/scratch/subrampg/binf_analyses_data/hnrnpl_project/bjFibro/rna_seq/hnrnpl/data/raw_fastq/SRR12188093_2.fastq.gz --out1 /localscratch/subrampg.15080368.0/2851/CTLi1//CTLi1_R1.filteredFastq.gz --out2 /localscratch/subrampg.15080368.0/2851/CTLi1//CTLi1_R2.filteredFastq.gz --detect_adapter_for_pe --thread 8 --html /lustre07/scratch/subrampg/binf_analyses_data/hnrnpl_project/bjFibro/rna_seq/hnrnpl/data/filteredFastq//CTLi1.html --json /dev/null 
fastp v0.23.1, time used: 78 seconds
2023-03-28T22:14:31-04:00 SPG_RNAseq_pipeline: 1. Done FASTQ filtering.
2023-03-28T22:14:31-04:00 SPG_RNAseq_pipeline: 2. Starting aligning with STAR
	STAR --runThreadN 8 --genomeDir /lustre07/scratch/subrampg/binf_analyses_data//common/star_indexes/hg38/sjdbOH_49/ --readFilesIn /localscratch/subrampg.15080368.0/2851/CTLi1//CTLi1_R1.filteredFastq.gz /localscratch/subrampg.15080368.0/2851/CTLi1//CTLi1_R2.filteredFastq.gz --readFilesCommand gunzip -c --outSAMtype BAM Unsorted --outFileNamePrefix /lustre07/scratch/subrampg/binf_analyses_data/hnrnpl_project/bjFibro/rna_seq/hnrnpl/data/alignedBAM//CTLi1_
	STAR version: 2.7.9a   compiled: 2021-07-08T15:06:22+00:00 build-node.computecanada.ca:/tmp/ebuser/avx2/STAR/2.7.9a/GCCcore-9.3.0/STAR-2.7.9a/source
Mar 28 22:14:32 ..... started STAR run
Mar 28 22:14:33 ..... loading genome
Mar 28 22:15:00 ..... started mapping
Mar 28 22:17:55 ..... finished mapping
Mar 28 22:17:56 ..... finished successfully
2023-03-28T22:17:56-04:00 SPG_RNAseq_pipeline: 2. Done STAR alignment.
FILT_FASTQ_DIR = /lustre07/scratch/subrampg/binf_analyses_data/hnrnpl_project/bjFibro/rna_seq/hnrnpl/data/filteredFastq/
ALIGNED_BAM_DIR = /lustre07/scratch/subrampg/binf_analyses_data/hnrnpl_project/bjFibro/rna_seq/hnrnpl/data/alignedBAM/
2023-03-28T22:17:56-04:00 SPG_RNAseq_pipeline: Updating BAM progress file
CTLi1	Done
CTLi2
hnRNPLi1	Done
hnRNPLi2
Waiting for CTLi2
