2023-03-28T22:13:05-04:00 SPG_RNAseq_pipeline: 1. Starting FASTQ filtering with fastp
Detecting adapter sequence for read1...
No adapter detected for read1

Detecting adapter sequence for read2...
No adapter detected for read2

Read1 before filtering:
total reads: 17953926
total bases: 897696300
Q20 bases: 879321192(97.9531%)
Q30 bases: 803618135(89.52%)

Read2 before filtering:
total reads: 17953926
total bases: 897696300
Q20 bases: 852590864(94.9754%)
Q30 bases: 747022787(83.2155%)

Read1 after filtering:
total reads: 17789550
total bases: 886820878
Q20 bases: 869192362(98.0122%)
Q30 bases: 795228162(89.6718%)

Read2 after filtering:
total reads: 17789550
total bases: 886820878
Q20 bases: 845871021(95.3824%)
Q30 bases: 741754899(83.642%)

Filtering result:
reads passed filter: 35579100
reads failed due to low quality: 205236
reads failed due to too many N: 123516
reads failed due to too short: 0
reads with adapter trimmed: 1009008
bases trimmed due to adapters: 5314442

Duplication rate: 11.2225%

Insert size peak (evaluated by paired-end reads): 69

JSON report: /dev/null
HTML report: /lustre07/scratch/subrampg/binf_analyses_data/hnrnpl_project/bjFibro/rna_seq/hnrnpl/data/filteredFastq//hnRNPLi1.html

fastp --in1 /lustre07/scratch/subrampg/binf_analyses_data/hnrnpl_project/bjFibro/rna_seq/hnrnpl/data/raw_fastq/SRR12188151_1.fastq.gz --in2 /lustre07/scratch/subrampg/binf_analyses_data/hnrnpl_project/bjFibro/rna_seq/hnrnpl/data/raw_fastq/SRR12188151_2.fastq.gz --out1 /localscratch/subrampg.15080370.0/9183/hnRNPLi1//hnRNPLi1_R1.filteredFastq.gz --out2 /localscratch/subrampg.15080370.0/9183/hnRNPLi1//hnRNPLi1_R2.filteredFastq.gz --detect_adapter_for_pe --thread 8 --html /lustre07/scratch/subrampg/binf_analyses_data/hnrnpl_project/bjFibro/rna_seq/hnrnpl/data/filteredFastq//hnRNPLi1.html --json /dev/null 
fastp v0.23.1, time used: 50 seconds
2023-03-28T22:13:58-04:00 SPG_RNAseq_pipeline: 1. Done FASTQ filtering.
2023-03-28T22:13:58-04:00 SPG_RNAseq_pipeline: 2. Starting aligning with STAR
	STAR --runThreadN 8 --genomeDir /lustre07/scratch/subrampg/binf_analyses_data//common/star_indexes/hg38/sjdbOH_49/ --readFilesIn /localscratch/subrampg.15080370.0/9183/hnRNPLi1//hnRNPLi1_R1.filteredFastq.gz /localscratch/subrampg.15080370.0/9183/hnRNPLi1//hnRNPLi1_R2.filteredFastq.gz --readFilesCommand gunzip -c --outSAMtype BAM Unsorted --outFileNamePrefix /lustre07/scratch/subrampg/binf_analyses_data/hnrnpl_project/bjFibro/rna_seq/hnrnpl/data/alignedBAM//hnRNPLi1_
	STAR version: 2.7.9a   compiled: 2021-07-08T15:06:22+00:00 build-node.computecanada.ca:/tmp/ebuser/avx2/STAR/2.7.9a/GCCcore-9.3.0/STAR-2.7.9a/source
Mar 28 22:13:59 ..... started STAR run
Mar 28 22:13:59 ..... loading genome
Mar 28 22:14:54 ..... started mapping
Mar 28 22:16:45 ..... finished mapping
Mar 28 22:16:47 ..... finished successfully
2023-03-28T22:16:47-04:00 SPG_RNAseq_pipeline: 2. Done STAR alignment.
FILT_FASTQ_DIR = /lustre07/scratch/subrampg/binf_analyses_data/hnrnpl_project/bjFibro/rna_seq/hnrnpl/data/filteredFastq/
ALIGNED_BAM_DIR = /lustre07/scratch/subrampg/binf_analyses_data/hnrnpl_project/bjFibro/rna_seq/hnrnpl/data/alignedBAM/
2023-03-28T22:16:48-04:00 SPG_RNAseq_pipeline: Updating BAM progress file
CTLi1
CTLi2
hnRNPLi1	Done
hnRNPLi2
Waiting for CTLi1
