2023-03-28T22:13:05-04:00 SPG_RNAseq_pipeline: 1. Starting FASTQ filtering with fastp
Detecting adapter sequence for read1...
No adapter detected for read1

Detecting adapter sequence for read2...
No adapter detected for read2

Read1 before filtering:
total reads: 29572720
total bases: 1478636000
Q20 bases: 1461120493(98.8154%)
Q30 bases: 1369058043(92.5893%)

Read2 before filtering:
total reads: 29572720
total bases: 1478636000
Q20 bases: 1456513068(98.5038%)
Q30 bases: 1367758209(92.5013%)

Read1 after filtering:
total reads: 29432965
total bases: 1452805491
Q20 bases: 1435827052(98.8313%)
Q30 bases: 1345190030(92.5926%)

Read2 after filtering:
total reads: 29432965
total bases: 1452805491
Q20 bases: 1432191666(98.5811%)
Q30 bases: 1344517182(92.5463%)

Filtering result:
reads passed filter: 58865930
reads failed due to low quality: 49624
reads failed due to too many N: 229886
reads failed due to too short: 0
reads with adapter trimmed: 6709568
bases trimmed due to adapters: 37691416

Duplication rate: 18.5241%

Insert size peak (evaluated by paired-end reads): 44

JSON report: /dev/null
HTML report: /lustre07/scratch/subrampg/binf_analyses_data/hnrnpl_project/bjFibro/rna_seq/hnrnpl/data/filteredFastq//CTLi2.html

fastp --in1 /lustre07/scratch/subrampg/binf_analyses_data/hnrnpl_project/bjFibro/rna_seq/hnrnpl/data/raw_fastq/SRR12188094_1.fastq.gz --in2 /lustre07/scratch/subrampg/binf_analyses_data/hnrnpl_project/bjFibro/rna_seq/hnrnpl/data/raw_fastq/SRR12188094_2.fastq.gz --out1 /localscratch/subrampg.15080369.0/3024/CTLi2//CTLi2_R1.filteredFastq.gz --out2 /localscratch/subrampg.15080369.0/3024/CTLi2//CTLi2_R2.filteredFastq.gz --detect_adapter_for_pe --thread 8 --html /lustre07/scratch/subrampg/binf_analyses_data/hnrnpl_project/bjFibro/rna_seq/hnrnpl/data/filteredFastq//CTLi2.html --json /dev/null 
fastp v0.23.1, time used: 78 seconds
2023-03-28T22:14:29-04:00 SPG_RNAseq_pipeline: 1. Done FASTQ filtering.
2023-03-28T22:14:29-04:00 SPG_RNAseq_pipeline: 2. Starting aligning with STAR
	STAR --runThreadN 8 --genomeDir /lustre07/scratch/subrampg/binf_analyses_data//common/star_indexes/hg38/sjdbOH_49/ --readFilesIn /localscratch/subrampg.15080369.0/3024/CTLi2//CTLi2_R1.filteredFastq.gz /localscratch/subrampg.15080369.0/3024/CTLi2//CTLi2_R2.filteredFastq.gz --readFilesCommand gunzip -c --outSAMtype BAM Unsorted --outFileNamePrefix /lustre07/scratch/subrampg/binf_analyses_data/hnrnpl_project/bjFibro/rna_seq/hnrnpl/data/alignedBAM//CTLi2_
	STAR version: 2.7.9a   compiled: 2021-07-08T15:06:22+00:00 build-node.computecanada.ca:/tmp/ebuser/avx2/STAR/2.7.9a/GCCcore-9.3.0/STAR-2.7.9a/source
Mar 28 22:14:30 ..... started STAR run
Mar 28 22:14:30 ..... loading genome
Mar 28 22:15:07 ..... started mapping
Mar 28 22:18:18 ..... finished mapping
Mar 28 22:18:20 ..... finished successfully
2023-03-28T22:18:20-04:00 SPG_RNAseq_pipeline: 2. Done STAR alignment.
FILT_FASTQ_DIR = /lustre07/scratch/subrampg/binf_analyses_data/hnrnpl_project/bjFibro/rna_seq/hnrnpl/data/filteredFastq/
ALIGNED_BAM_DIR = /lustre07/scratch/subrampg/binf_analyses_data/hnrnpl_project/bjFibro/rna_seq/hnrnpl/data/alignedBAM/
2023-03-28T22:18:21-04:00 SPG_RNAseq_pipeline: Updating BAM progress file
CTLi1	Done
CTLi2	Done
hnRNPLi1	Done
hnRNPLi2
Waiting for hnRNPLi2
