2023-03-28T22:35:59-04:00 SPG_RNAseq_pipeline: 3. Starting second pass with STAR
	STAR --runThreadN 16 --genomeDir /lustre07/scratch/subrampg/binf_analyses_data//common/star_indexes/hg38/sjdbOH_49/ --readFilesIn /lustre07/scratch/subrampg/binf_analyses_data/hnrnpl_project/bjFibro/rna_seq/hnrnpl/data/filteredFastq//hnRNPLi2_R1.filteredFastq.gz /lustre07/scratch/subrampg/binf_analyses_data/hnrnpl_project/bjFibro/rna_seq/hnrnpl/data/filteredFastq//hnRNPLi2_R2.filteredFastq.gz --readFilesCommand gunzip -c --outSAMtype BAM SortedByCoordinate --outFileNamePrefix /lustre07/scratch/subrampg/binf_analyses_data/hnrnpl_project/bjFibro/rna_seq/hnrnpl/data/alignedBAM//hnRNPLi2_2pass_ --sjdbFileChrStartEnd /lustre07/scratch/subrampg/binf_analyses_data/hnrnpl_project/bjFibro/rna_seq/hnrnpl/data/alignedBAM/CTLi1_SJ.out.tab /lustre07/scratch/subrampg/binf_analyses_data/hnrnpl_project/bjFibro/rna_seq/hnrnpl/data/alignedBAM/CTLi2_SJ.out.tab /lustre07/scratch/subrampg/binf_analyses_data/hnrnpl_project/bjFibro/rna_seq/hnrnpl/data/alignedBAM/hnRNPLi1_SJ.out.tab /lustre07/scratch/subrampg/binf_analyses_data/hnrnpl_project/bjFibro/rna_seq/hnrnpl/data/alignedBAM/hnRNPLi2_SJ.out.tab
	STAR version: 2.7.9a   compiled: 2021-07-08T15:06:22+00:00 build-node.computecanada.ca:/tmp/ebuser/avx2/STAR/2.7.9a/GCCcore-9.3.0/STAR-2.7.9a/source
Mar 28 22:35:59 ..... started STAR run
Mar 28 22:36:00 ..... loading genome
Mar 28 22:36:33 ..... inserting junctions into the genome indices
Mar 28 22:37:57 ..... started mapping
Mar 28 22:38:33 ..... finished mapping
Mar 28 22:38:34 ..... started sorting BAM
Mar 28 22:38:58 ..... finished successfully
2023-03-28T22:39:00-04:00 SPG_RNAseq_pipeline: 3. Indexing BAM
2023-03-28T22:39:04-04:00 SPG_RNAseq_pipeline: 3. Done STAR alignment and indexing.
created virtual environment CPython3.8.10.final.0-64 in 568ms
  creator CPython3Posix(dest=/localscratch/subrampg.15080429.0/env, clear=False, global=False)
  seeder FromAppData(download=False, pip=latest, setuptools=latest, wheel=latest, via=copy, app_data_dir=/home/subrampg/.local/share/virtualenv/seed-app-data/v1.0.1)
  activators BashActivator,CShellActivator,FishActivator,PowerShellActivator,PythonActivator,XonshActivator
Ignoring pip: markers 'python_version < "3"' don't match your environment
Looking in links: /cvmfs/soft.computecanada.ca/custom/python/wheelhouse/gentoo/avx2, /cvmfs/soft.computecanada.ca/custom/python/wheelhouse/gentoo/generic, /cvmfs/soft.computecanada.ca/custom/python/wheelhouse/generic
Processing /cvmfs/soft.computecanada.ca/custom/python/wheelhouse/generic/pip-23.0+computecanada-py3-none-any.whl
Installing collected packages: pip
  Attempting uninstall: pip
    Found existing installation: pip 20.0.2
    Uninstalling pip-20.0.2:
      Successfully uninstalled pip-20.0.2
Successfully installed pip-23.0+computecanada
Looking in links: /cvmfs/soft.computecanada.ca/custom/python/wheelhouse/gentoo/avx2, /cvmfs/soft.computecanada.ca/custom/python/wheelhouse/gentoo/generic, /cvmfs/soft.computecanada.ca/custom/python/wheelhouse/generic
Processing /cvmfs/soft.computecanada.ca/custom/python/wheelhouse/generic/alabaster-0.7.12+computecanada-py2.py3-none-any.whl
Processing /cvmfs/soft.computecanada.ca/custom/python/wheelhouse/generic/Babel-2.10.3+computecanada-py3-none-any.whl
Processing /cvmfs/soft.computecanada.ca/custom/python/wheelhouse/generic/certifi-2022.9.24+computecanada-py3-none-any.whl
Processing /cvmfs/soft.computecanada.ca/custom/python/wheelhouse/generic/charset_normalizer-2.1.1+computecanada-py3-none-any.whl
Processing /cvmfs/soft.computecanada.ca/custom/python/wheelhouse/gentoo/generic/contourpy-1.0.5+computecanada-cp38-cp38-linux_x86_64.whl
Processing /cvmfs/soft.computecanada.ca/custom/python/wheelhouse/generic/cycler-0.11.0+computecanada-py3-none-any.whl
Processing /cvmfs/soft.computecanada.ca/custom/python/wheelhouse/generic/deepTools-3.5.0+computecanada-py3-none-any.whl
Processing /cvmfs/soft.computecanada.ca/custom/python/wheelhouse/generic/deeptoolsintervals-0.1.9+computecanada-cp38-cp38-linux_x86_64.whl
Processing /cvmfs/soft.computecanada.ca/custom/python/wheelhouse/generic/docutils-0.19+computecanada-py3-none-any.whl
Processing /cvmfs/soft.computecanada.ca/custom/python/wheelhouse/generic/fonttools-4.38.0+computecanada-cp38-cp38-linux_x86_64.whl
Processing /cvmfs/soft.computecanada.ca/custom/python/wheelhouse/generic/idna-3.4+computecanada-py3-none-any.whl
Processing /cvmfs/soft.computecanada.ca/custom/python/wheelhouse/generic/imagesize-1.4.1+computecanada-py2.py3-none-any.whl
Processing /cvmfs/soft.computecanada.ca/custom/python/wheelhouse/generic/importlib_metadata-5.2.0+computecanada-py3-none-any.whl
Processing /cvmfs/soft.computecanada.ca/custom/python/wheelhouse/generic/Jinja2-3.1.2+computecanada-py3-none-any.whl
Processing /cvmfs/soft.computecanada.ca/custom/python/wheelhouse/gentoo/avx2/kiwisolver-1.4.4+computecanada-cp38-cp38-linux_x86_64.whl
Processing /cvmfs/soft.computecanada.ca/custom/python/wheelhouse/generic/MarkupSafe-2.1.1+computecanada-cp38-cp38-linux_x86_64.whl
Processing /cvmfs/soft.computecanada.ca/custom/python/wheelhouse/gentoo/avx2/matplotlib-3.6.1+computecanada-cp38-cp38-linux_x86_64.whl
Processing /cvmfs/soft.computecanada.ca/custom/python/wheelhouse/gentoo/generic/numpy-1.23.0+computecanada-cp38-cp38-linux_x86_64.whl
Processing /cvmfs/soft.computecanada.ca/custom/python/wheelhouse/generic/numpydoc-1.1.0+computecanada-py3-none-any.whl
Processing /cvmfs/soft.computecanada.ca/custom/python/wheelhouse/generic/packaging-21.3+computecanada-py3-none-any.whl
Processing /cvmfs/soft.computecanada.ca/custom/python/wheelhouse/gentoo/avx2/Pillow-9.2.0+computecanada-cp38-cp38-linux_x86_64.whl
Processing /cvmfs/soft.computecanada.ca/custom/python/wheelhouse/generic/plotly-5.11.0+computecanada-py2.py3-none-any.whl
Processing /cvmfs/soft.computecanada.ca/custom/python/wheelhouse/generic/py2bit-0.3.0+computecanada-cp38-cp38-linux_x86_64.whl
Processing /cvmfs/soft.computecanada.ca/custom/python/wheelhouse/gentoo/generic/pyBigWig-0.3.18+computecanada-cp38-cp38-linux_x86_64.whl
Processing /cvmfs/soft.computecanada.ca/custom/python/wheelhouse/generic/Pygments-2.13.0+computecanada-py3-none-any.whl
Processing /cvmfs/soft.computecanada.ca/custom/python/wheelhouse/generic/pyparsing-3.0.9+computecanada-py3-none-any.whl
Processing /cvmfs/soft.computecanada.ca/custom/python/wheelhouse/gentoo/avx2/pysam-0.20.0+computecanada-cp38-cp38-linux_x86_64.whl
Processing /cvmfs/soft.computecanada.ca/custom/python/wheelhouse/generic/python_dateutil-2.8.2+computecanada-py2.py3-none-any.whl
Processing /cvmfs/soft.computecanada.ca/custom/python/wheelhouse/generic/pytz-2022.7+computecanada-py3-none-any.whl
Processing /cvmfs/soft.computecanada.ca/custom/python/wheelhouse/generic/requests-2.28.1+computecanada-py3-none-any.whl
Processing /cvmfs/soft.computecanada.ca/custom/python/wheelhouse/gentoo/generic/scipy-1.9.3+computecanada-cp38-cp38-linux_x86_64.whl
Processing /cvmfs/soft.computecanada.ca/custom/python/wheelhouse/generic/six-1.16.0+computecanada-py2.py3-none-any.whl
Processing /cvmfs/soft.computecanada.ca/custom/python/wheelhouse/generic/snowballstemmer-2.2.0+computecanada-py2.py3-none-any.whl
Processing /cvmfs/soft.computecanada.ca/custom/python/wheelhouse/generic/Sphinx-5.1.1+computecanada-py3-none-any.whl
Processing /cvmfs/soft.computecanada.ca/custom/python/wheelhouse/generic/sphinxcontrib_applehelp-1.0.2+computecanada-py2.py3-none-any.whl
Processing /cvmfs/soft.computecanada.ca/custom/python/wheelhouse/generic/sphinxcontrib_devhelp-1.0.2+computecanada-py2.py3-none-any.whl
Processing /cvmfs/soft.computecanada.ca/custom/python/wheelhouse/generic/sphinxcontrib_htmlhelp-2.0.0+computecanada-py2.py3-none-any.whl
Processing /cvmfs/soft.computecanada.ca/custom/python/wheelhouse/generic/sphinxcontrib_jsmath-1.0.1+computecanada-py2.py3-none-any.whl
Processing /cvmfs/soft.computecanada.ca/custom/python/wheelhouse/generic/sphinxcontrib_qthelp-1.0.3+computecanada-py2.py3-none-any.whl
Processing /cvmfs/soft.computecanada.ca/custom/python/wheelhouse/generic/sphinxcontrib_serializinghtml-1.1.5+computecanada-py2.py3-none-any.whl
Processing /cvmfs/soft.computecanada.ca/custom/python/wheelhouse/generic/tenacity-8.1.0+computecanada-py3-none-any.whl
Processing /cvmfs/soft.computecanada.ca/custom/python/wheelhouse/generic/urllib3-1.26.13+computecanada-py2.py3-none-any.whl
Processing /cvmfs/soft.computecanada.ca/custom/python/wheelhouse/generic/zipp-3.11.0+computecanada-py3-none-any.whl
Installing collected packages: snowballstemmer, pytz, pysam, pyBigWig, py2bit, deeptoolsintervals, alabaster, zipp, urllib3, tenacity, sphinxcontrib-serializinghtml, sphinxcontrib-qthelp, sphinxcontrib-jsmath, sphinxcontrib-htmlhelp, sphinxcontrib-devhelp, sphinxcontrib-applehelp, six, pyparsing, Pygments, Pillow, numpy, MarkupSafe, kiwisolver, imagesize, idna, fonttools, docutils, cycler, charset_normalizer, certifi, Babel, scipy, requests, python-dateutil, plotly, packaging, Jinja2, importlib_metadata, contourpy, Sphinx, matplotlib, numpydoc, deepTools
  Attempting uninstall: pytz
    Found existing installation: pytz 2020.1
    Not uninstalling pytz at /cvmfs/soft.computecanada.ca/easybuild/software/2020/avx2/Core/scipy-stack/2020b/lib/python3.8/site-packages, outside environment /localscratch/subrampg.15080429.0/env
    Can't uninstall 'pytz'. No files were found to uninstall.
  Attempting uninstall: zipp
    Found existing installation: zipp 3.3.0
    Not uninstalling zipp at /cvmfs/soft.computecanada.ca/easybuild/software/2020/avx2/Core/scipy-stack/2020b/lib/python3.8/site-packages, outside environment /localscratch/subrampg.15080429.0/env
    Can't uninstall 'zipp'. No files were found to uninstall.
  Attempting uninstall: urllib3
    Found existing installation: urllib3 1.25.10
    Not uninstalling urllib3 at /cvmfs/soft.computecanada.ca/easybuild/software/2020/avx2/Core/scipy-stack/2020b/lib/python3.8/site-packages, outside environment /localscratch/subrampg.15080429.0/env
    Can't uninstall 'urllib3'. No files were found to uninstall.
  Attempting uninstall: six
    Found existing installation: six 1.15.0
    Not uninstalling six at /cvmfs/soft.computecanada.ca/easybuild/software/2020/avx2/Core/scipy-stack/2020b/lib/python3.8/site-packages, outside environment /localscratch/subrampg.15080429.0/env
    Can't uninstall 'six'. No files were found to uninstall.
  Attempting uninstall: pyparsing
    Found existing installation: pyparsing 2.4.7
    Not uninstalling pyparsing at /cvmfs/soft.computecanada.ca/easybuild/software/2020/avx2/Core/scipy-stack/2020b/lib/python3.8/site-packages, outside environment /localscratch/subrampg.15080429.0/env
    Can't uninstall 'pyparsing'. No files were found to uninstall.
  Attempting uninstall: Pillow
    Found existing installation: Pillow 7.2.0
    Not uninstalling pillow at /cvmfs/soft.computecanada.ca/easybuild/software/2020/avx2/Core/scipy-stack/2020b/lib/python3.8/site-packages, outside environment /localscratch/subrampg.15080429.0/env
    Can't uninstall 'Pillow'. No files were found to uninstall.
  Attempting uninstall: numpy
    Found existing installation: numpy 1.19.2
    Not uninstalling numpy at /cvmfs/soft.computecanada.ca/easybuild/software/2020/avx2/Core/scipy-stack/2020b/lib/python3.8/site-packages, outside environment /localscratch/subrampg.15080429.0/env
    Can't uninstall 'numpy'. No files were found to uninstall.
  Attempting uninstall: MarkupSafe
    Found existing installation: MarkupSafe 1.1.1
    Not uninstalling markupsafe at /cvmfs/soft.computecanada.ca/easybuild/software/2020/avx2/Core/scipy-stack/2020b/lib/python3.8/site-packages, outside environment /localscratch/subrampg.15080429.0/env
    Can't uninstall 'MarkupSafe'. No files were found to uninstall.
  Attempting uninstall: kiwisolver
    Found existing installation: kiwisolver 1.2.0
    Not uninstalling kiwisolver at /cvmfs/soft.computecanada.ca/easybuild/software/2020/avx2/Core/scipy-stack/2020b/lib/python3.8/site-packages, outside environment /localscratch/subrampg.15080429.0/env
    Can't uninstall 'kiwisolver'. No files were found to uninstall.
  Attempting uninstall: idna
    Found existing installation: idna 2.10
    Not uninstalling idna at /cvmfs/soft.computecanada.ca/easybuild/software/2020/avx2/Core/scipy-stack/2020b/lib/python3.8/site-packages, outside environment /localscratch/subrampg.15080429.0/env
    Can't uninstall 'idna'. No files were found to uninstall.
  Attempting uninstall: cycler
    Found existing installation: cycler 0.10.0
    Not uninstalling cycler at /cvmfs/soft.computecanada.ca/easybuild/software/2020/avx2/Core/scipy-stack/2020b/lib/python3.8/site-packages, outside environment /localscratch/subrampg.15080429.0/env
    Can't uninstall 'cycler'. No files were found to uninstall.
  Attempting uninstall: certifi
    Found existing installation: certifi 2020.6.20
    Not uninstalling certifi at /cvmfs/soft.computecanada.ca/easybuild/software/2020/avx2/Core/scipy-stack/2020b/lib/python3.8/site-packages, outside environment /localscratch/subrampg.15080429.0/env
    Can't uninstall 'certifi'. No files were found to uninstall.
  Attempting uninstall: scipy
    Found existing installation: scipy 1.5.2
    Not uninstalling scipy at /cvmfs/soft.computecanada.ca/easybuild/software/2020/avx2/Core/scipy-stack/2020b/lib/python3.8/site-packages, outside environment /localscratch/subrampg.15080429.0/env
    Can't uninstall 'scipy'. No files were found to uninstall.
  Attempting uninstall: requests
    Found existing installation: requests 2.24.0
    Not uninstalling requests at /cvmfs/soft.computecanada.ca/easybuild/software/2020/avx2/Core/scipy-stack/2020b/lib/python3.8/site-packages, outside environment /localscratch/subrampg.15080429.0/env
    Can't uninstall 'requests'. No files were found to uninstall.
  Attempting uninstall: packaging
    Found existing installation: packaging 20.4
    Not uninstalling packaging at /cvmfs/soft.computecanada.ca/easybuild/software/2020/avx2/Core/scipy-stack/2020b/lib/python3.8/site-packages, outside environment /localscratch/subrampg.15080429.0/env
    Can't uninstall 'packaging'. No files were found to uninstall.
  Attempting uninstall: Jinja2
    Found existing installation: Jinja2 2.11.2
    Not uninstalling jinja2 at /cvmfs/soft.computecanada.ca/easybuild/software/2020/avx2/Core/scipy-stack/2020b/lib/python3.8/site-packages, outside environment /localscratch/subrampg.15080429.0/env
    Can't uninstall 'Jinja2'. No files were found to uninstall.
  Attempting uninstall: importlib_metadata
    Found existing installation: importlib-metadata 2.0.0
    Not uninstalling importlib-metadata at /cvmfs/soft.computecanada.ca/easybuild/software/2020/avx2/Core/scipy-stack/2020b/lib/python3.8/site-packages, outside environment /localscratch/subrampg.15080429.0/env
    Can't uninstall 'importlib-metadata'. No files were found to uninstall.
  Attempting uninstall: matplotlib
    Found existing installation: matplotlib 3.3.2
    Not uninstalling matplotlib at /cvmfs/soft.computecanada.ca/easybuild/software/2020/avx2/Core/scipy-stack/2020b/lib/python3.8/site-packages, outside environment /localscratch/subrampg.15080429.0/env
    Can't uninstall 'matplotlib'. No files were found to uninstall.
ERROR: pip's dependency resolver does not currently take into account all the packages that are installed. This behaviour is the source of the following dependency conflicts.
notebook 6.1.4 requires ipykernel, which is not installed.
notebook 6.1.4 requires ipython-genutils, which is not installed.
notebook 6.1.4 requires jupyter-client>=5.3.4, which is not installed.
notebook 6.1.4 requires jupyter-core>=4.6.1, which is not installed.
notebook 6.1.4 requires pyzmq>=17, which is not installed.
notebook 6.1.4 requires tornado>=5.0, which is not installed.
notebook 6.1.4 requires traitlets>=4.2.1, which is not installed.
nbconvert 6.0.7 requires jupyter-core, which is not installed.
nbconvert 6.0.7 requires traitlets>=4.2, which is not installed.
Successfully installed Babel-2.10.3+computecanada Jinja2-3.1.2+computecanada MarkupSafe-2.1.1+computecanada Pillow-9.2.0+computecanada Pygments-2.13.0+computecanada Sphinx-5.1.1+computecanada alabaster-0.7.12+computecanada certifi-2022.9.24+computecanada charset_normalizer-2.1.1+computecanada contourpy-1.0.5+computecanada cycler-0.11.0+computecanada deepTools-3.5.0+computecanada deeptoolsintervals-0.1.9+computecanada docutils-0.19+computecanada fonttools-4.38.0+computecanada idna-3.4+computecanada imagesize-1.4.1+computecanada importlib_metadata-5.2.0+computecanada kiwisolver-1.4.4+computecanada matplotlib-3.6.1+computecanada numpy-1.23.0+computecanada numpydoc-1.1.0+computecanada packaging-21.3+computecanada plotly-5.11.0+computecanada py2bit-0.3.0+computecanada pyBigWig-0.3.18+computecanada pyparsing-3.0.9+computecanada pysam-0.20.0+computecanada python-dateutil-2.8.2+computecanada pytz-2022.7+computecanada requests-2.28.1+computecanada scipy-1.9.3+computecanada six-1.16.0+computecanada snowballstemmer-2.2.0+computecanada sphinxcontrib-applehelp-1.0.2+computecanada sphinxcontrib-devhelp-1.0.2+computecanada sphinxcontrib-htmlhelp-2.0.0+computecanada sphinxcontrib-jsmath-1.0.1+computecanada sphinxcontrib-qthelp-1.0.3+computecanada sphinxcontrib-serializinghtml-1.1.5+computecanada tenacity-8.1.0+computecanada urllib3-1.26.13+computecanada zipp-3.11.0+computecanada
2023-03-28T22:40:40-04:00 SPG_RNAseq_pipeline: 4. Making individual bigwig files..
with lib size normalization (RPGC)
normalization: 1x (effective genome size 2652783500)
bamFilesList: ['/lustre07/scratch/subrampg/binf_analyses_data/hnrnpl_project/bjFibro/rna_seq/hnrnpl/data/alignedBAM//hnRNPLi2_2pass_Aligned.sortedByCoord.out.bam']
binLength: 1
numberOfSamples: None
blackListFileName: None
skipZeroOverZero: False
bed_and_bin: False
genomeChunkSize: None
defaultFragmentLength: read length
numberOfProcessors: 64
verbose: False
region: None
bedFile: None
minMappingQuality: None
ignoreDuplicates: False
chrsToSkip: []
stepSize: 1
center_read: False
samFlag_include: None
samFlag_exclude: None
minFragmentLength: 0
maxFragmentLength: 0
zerosToNans: False
smoothLength: None
save_data: False
out_file_for_raw_data: None
maxPairedFragmentLength: 1000
2023-03-28T22:45:44-04:00 SPG_RNAseq_pipeline: 4. Done making individual bigwig files..
FILT_FASTQ_DIR = /lustre07/scratch/subrampg/binf_analyses_data/hnrnpl_project/bjFibro/rna_seq/hnrnpl/data/filteredFastq/
ALIGNED_BAM_DIR = /lustre07/scratch/subrampg/binf_analyses_data/hnrnpl_project/bjFibro/rna_seq/hnrnpl/data/alignedBAM/
BW_DIR = /lustre07/scratch/subrampg/binf_analyses_data/hnrnpl_project/bjFibro/rna_seq/hnrnpl/results/bw_files/
2023-03-28T22:45:45-04:00 SPG_RNAseq_pipeline: Updating BAM progress file
CTLi1	Done
CTLi2	Done
hnRNPLi1	Done
hnRNPLi2	Done
2023-03-28T22:45:45-04:00 SPG_RNAseq_pipeline: Starting featureCounts, DESeq2, rMATS and bamCoverage..
ALIGNED_BAM_DIR=/lustre07/scratch/subrampg/binf_analyses_data/hnrnpl_project/bjFibro/rna_seq/hnrnpl/data/alignedBAM/
#!/bin/bash
set -e
set -u
set -o pipefail
export SCRIPT_CUR_DIR=/home/subrampg/binf_analyses/hnrnpl_project/bjFibro/rna_seq/hnrnpl/scripts/
export DATA_INFO_DIR=/home/subrampg/binf_analyses/hnrnpl_project/bjFibro/rna_seq/hnrnpl/data/
export DATA_INFO_FILE=/home/subrampg/binf_analyses/hnrnpl_project/bjFibro/rna_seq/hnrnpl/data//data_info.txt
export REFR_GROUP_NAME=CTLi
export TEST_GROUP_NAME=hnRNPLi
export SE_or_PE=PE
export SEQ_STRANDED=No
export SPIKEIN_GENOME=none
export GENOME=hg38
export SJDB_OVHG_VAL=49
export GENOME_DIR=/lustre07/scratch/subrampg/binf_analyses_data//common/star_indexes/hg38/sjdbOH_49/
export GTF_FILE=/lustre07/scratch/subrampg/binf_analyses_data/common/hg38/gencode.v43.primary_assembly.annotation.gtf
export GFF3_FILE=/lustre07/scratch/subrampg/binf_analyses_data/common/hg38/gencode.v43.primary_assembly.annotation.gff3
export CHROM_SIZE_FILE=/lustre07/scratch/subrampg/binf_analyses_data/common/hg38/GRCh38.primary_assembly.genome.fa.fai
export RAW_FASTQ_DIR=/lustre07/scratch/subrampg/binf_analyses_data/hnrnpl_project/bjFibro/rna_seq/hnrnpl/data/raw_fastq/
export FILT_FASTQ_DIR=/lustre07/scratch/subrampg/binf_analyses_data/hnrnpl_project/bjFibro/rna_seq/hnrnpl/data/filteredFastq/
export FILT_FASTQ_SYML_DIR=/home/subrampg/binf_analyses/hnrnpl_project/bjFibro/rna_seq/hnrnpl/data/filteredFastq/
export ALIGNED_BAM_DIR=/lustre07/scratch/subrampg/binf_analyses_data/hnrnpl_project/bjFibro/rna_seq/hnrnpl/data/alignedBAM/
export ALIGNED_BAM_SYML_DIR=/home/subrampg/binf_analyses/hnrnpl_project/bjFibro/rna_seq/hnrnpl/data/alignedBAM/
export BW_DIR=/lustre07/scratch/subrampg/binf_analyses_data/hnrnpl_project/bjFibro/rna_seq/hnrnpl/results/bw_files/
export BW_SYML_DIR=/home/subrampg/binf_analyses/hnrnpl_project/bjFibro/rna_seq/hnrnpl/results/bw_files/
export BAM_PROG_FILE=/home/subrampg/binf_analyses/hnrnpl_project/bjFibro/rna_seq/hnrnpl/scripts//slurm_outputs/BAM_progress_file.txt
export BAM_PROG_2P_FILE=/home/subrampg/binf_analyses/hnrnpl_project/bjFibro/rna_seq/hnrnpl/scripts//slurm_outputs/BAM_progress_2Pass_file.txt
export NORM_FACTOR_FILE=/home/subrampg/binf_analyses/hnrnpl_project/bjFibro/rna_seq/hnrnpl/scripts/../data/normFactor_file.txt
export FC_DSQ_DIR=/lustre07/scratch/subrampg/binf_analyses_data/hnrnpl_project/bjFibro/rna_seq/hnrnpl/results/fcounts_deseq/
export FC_DSQ_SYML_DIR=/home/subrampg/binf_analyses/hnrnpl_project/bjFibro/rna_seq/hnrnpl/results/fcounts_deseq/
export RMATS_DIR=/lustre07/scratch/subrampg/binf_analyses_data/hnrnpl_project/bjFibro/rna_seq/hnrnpl/results/rMATS/
export RMATS_SYML_DIR=/home/subrampg/binf_analyses/hnrnpl_project/bjFibro/rna_seq/hnrnpl/results/rMATS/
export BW_DIR=/lustre07/scratch/subrampg/binf_analyses_data/hnrnpl_project/bjFibro/rna_seq/hnrnpl/results/bw_files/
export BW_SYML_DIR=/home/subrampg/binf_analyses/hnrnpl_project/bjFibro/rna_seq/hnrnpl/results/bw_files/
export QC_DIR=/lustre07/scratch/subrampg/binf_analyses_data/hnrnpl_project/bjFibro/rna_seq/hnrnpl/results/qc_stats/
export QC_SYML_DIR=/home/subrampg/binf_analyses/hnrnpl_project/bjFibro/rna_seq/hnrnpl/results/qc_stats/
Submitting for DiffBind and making bigwig tracks.. (PE)
Submitted batch job 15081158
